2023-02-21 15:59:25,790 INFO com.example.bags.BagsApplication [main] Starting BagsApplication using Java 19.0.1 with PID 21072 (D:\Igor\PROJECTS\JAVA\bags\target\classes started by tanee in D:\Igor\PROJECTS\JAVA\bags)
2023-02-21 15:59:25,792 DEBUG com.example.bags.BagsApplication [main] Running with Spring Boot v3.0.2, Spring v6.0.4
2023-02-21 15:59:25,793 INFO com.example.bags.BagsApplication [main] No active profile set, falling back to 1 default profile: "default"
2023-02-21 15:59:27,388 INFO org.apache.catalina.core.StandardService [main] Starting service [Tomcat]
2023-02-21 15:59:27,388 INFO org.apache.catalina.core.StandardEngine [main] Starting Servlet engine: [Apache Tomcat/10.1.5]
2023-02-21 15:59:27,492 INFO org.apache.catalina.core.ContainerBase.[Tomcat].[localhost].[/] [main] Initializing Spring embedded WebApplicationContext
2023-02-21 15:59:27,744 INFO org.hibernate.jpa.internal.util.LogHelper [main] HHH000204: Processing PersistenceUnitInfo [name: default]
2023-02-21 15:59:27,801 INFO org.hibernate.Version [main] HHH000412: Hibernate ORM core version 6.1.6.Final
2023-02-21 15:59:27,973 WARN org.hibernate.orm.deprecation [main] HHH90000021: Encountered deprecated setting [javax.persistence.sharedCache.mode], use [jakarta.persistence.sharedCache.mode] instead
2023-02-21 15:59:28,092 INFO com.zaxxer.hikari.HikariDataSource [main] HikariPool-1 - Starting...
2023-02-21 15:59:28,288 INFO com.zaxxer.hikari.pool.HikariPool [main] HikariPool-1 - Added connection org.postgresql.jdbc.PgConnection@4c635edc
2023-02-21 15:59:28,290 INFO com.zaxxer.hikari.HikariDataSource [main] HikariPool-1 - Start completed.
2023-02-21 15:59:28,314 INFO SQL dialect [main] HHH000400: Using dialect: org.hibernate.dialect.PostgreSQL95Dialect
2023-02-21 15:59:28,314 WARN org.hibernate.orm.deprecation [main] HHH90000026: PostgreSQL95Dialect has been deprecated; use org.hibernate.dialect.PostgreSQLDialect instead
2023-02-21 15:59:29,668 INFO org.hibernate.engine.transaction.jta.platform.internal.JtaPlatformInitiator [main] HHH000490: Using JtaPlatform implementation: [org.hibernate.engine.transaction.jta.platform.internal.NoJtaPlatform]
2023-02-21 15:59:30,795 INFO com.example.bags.BagsApplication [main] Started BagsApplication in 5.66 seconds (process running for 6.107)
2023-02-21 15:59:30,974 INFO org.apache.catalina.core.ContainerBase.[Tomcat].[localhost].[/] [http-nio-8080-exec-1] Initializing Spring DispatcherServlet 'dispatcherServlet'
2023-02-21 16:00:41,923 INFO com.zaxxer.hikari.HikariDataSource [SpringApplicationShutdownHook] HikariPool-1 - Shutdown initiated...
2023-02-21 16:00:41,928 INFO com.zaxxer.hikari.HikariDataSource [SpringApplicationShutdownHook] HikariPool-1 - Shutdown completed.
2023-02-21 17:02:19,731 INFO com.example.bags.BagsApplication [main] Starting BagsApplication using Java 19.0.1 with PID 1008 (D:\Igor\PROJECTS\JAVA\bags\target\classes started by tanee in D:\Igor\PROJECTS\JAVA\bags)
2023-02-21 17:02:19,733 DEBUG com.example.bags.BagsApplication [main] Running with Spring Boot v3.0.2, Spring v6.0.4
2023-02-21 17:02:19,734 INFO com.example.bags.BagsApplication [main] No active profile set, falling back to 1 default profile: "default"
2023-02-21 17:02:21,189 INFO org.apache.catalina.core.StandardService [main] Starting service [Tomcat]
2023-02-21 17:02:21,189 INFO org.apache.catalina.core.StandardEngine [main] Starting Servlet engine: [Apache Tomcat/10.1.5]
2023-02-21 17:02:21,287 INFO org.apache.catalina.core.ContainerBase.[Tomcat].[localhost].[/] [main] Initializing Spring embedded WebApplicationContext
2023-02-21 17:02:21,481 INFO org.hibernate.jpa.internal.util.LogHelper [main] HHH000204: Processing PersistenceUnitInfo [name: default]
2023-02-21 17:02:21,525 INFO org.hibernate.Version [main] HHH000412: Hibernate ORM core version 6.1.6.Final
2023-02-21 17:02:21,671 WARN org.hibernate.orm.deprecation [main] HHH90000021: Encountered deprecated setting [javax.persistence.sharedCache.mode], use [jakarta.persistence.sharedCache.mode] instead
2023-02-21 17:02:21,794 INFO com.zaxxer.hikari.HikariDataSource [main] HikariPool-1 - Starting...
2023-02-21 17:02:21,980 INFO com.zaxxer.hikari.pool.HikariPool [main] HikariPool-1 - Added connection org.postgresql.jdbc.PgConnection@6b2aafbc
2023-02-21 17:02:21,981 INFO com.zaxxer.hikari.HikariDataSource [main] HikariPool-1 - Start completed.
2023-02-21 17:02:22,005 INFO SQL dialect [main] HHH000400: Using dialect: org.hibernate.dialect.PostgreSQL95Dialect
2023-02-21 17:02:22,006 WARN org.hibernate.orm.deprecation [main] HHH90000026: PostgreSQL95Dialect has been deprecated; use org.hibernate.dialect.PostgreSQLDialect instead
2023-02-21 17:02:23,122 INFO org.hibernate.engine.transaction.jta.platform.internal.JtaPlatformInitiator [main] HHH000490: Using JtaPlatform implementation: [org.hibernate.engine.transaction.jta.platform.internal.NoJtaPlatform]
2023-02-21 17:02:24,204 INFO com.example.bags.BagsApplication [main] Started BagsApplication in 5.038 seconds (process running for 5.451)
2023-02-21 17:02:46,646 INFO org.apache.catalina.core.ContainerBase.[Tomcat].[localhost].[/] [http-nio-8080-exec-3] Initializing Spring DispatcherServlet 'dispatcherServlet'
2023-02-21 18:35:00,407 INFO com.zaxxer.hikari.HikariDataSource [SpringApplicationShutdownHook] HikariPool-1 - Shutdown initiated...
2023-02-21 18:35:00,410 INFO com.zaxxer.hikari.HikariDataSource [SpringApplicationShutdownHook] HikariPool-1 - Shutdown completed.
